TN:
SF:calc.js
FN:2,(anonymous_0)
FN:3,(anonymous_1)
FN:4,(anonymous_2)
FN:12,(anonymous_3)
FNF:4
FNH:4
FNDA:3,(anonymous_0)
FNDA:3,(anonymous_1)
FNDA:3,(anonymous_2)
FNDA:3,(anonymous_3)
DA:2,3
DA:3,3
DA:4,1
DA:5,3
DA:6,3
DA:9,0
DA:12,3
DA:15,1
LF:8
LH:7
BRDA:5,0,0,3
BRDA:5,0,1,0
BRF:2
BRH:1
end_of_record
TN:
SF:string.js
FN:1,stringLength
FN:12,reverseString
FN:19,capitalize
FNF:3
FNH:3
FNDA:2,stringLength
FNDA:1,reverseString
FNDA:4,capitalize
DA:2,2
DA:3,2
DA:4,1
DA:7,1
DA:8,1
DA:13,1
DA:14,1
DA:15,1
DA:16,1
DA:20,4
DA:25,1
LF:11
LH:11
BRDA:3,0,0,1
BRDA:3,0,1,1
BRDA:3,1,0,2
BRDA:3,1,1,1
BRF:4
BRH:4
end_of_record
